
> vibe-generated-app@1.0.0 dev
> vite


  VITE v5.4.20  ready in 206 ms

  ➜  Local:   http://localhost:3000/
  ➜  Network: http://172.20.13.41:3000/
Error:   Failed to scan for dependencies from entries:
  /home/workspace/src/App.jsx
/home/workspace/src/Test.jsx
/home/workspace/src/main.jsx
/home/workspace/src/components/Downloads.jsx
/home/workspace/src/components/Hero.jsx
/home/workspace/src/components/Navbar.jsx
/home/workspace/src/components/Skills.jsx

  [31m✘ [41;31m[[41;97mERROR[41;31m][0m [1mFailed to resolve entry for package "lucide-react". The package may have incorrect main/module/exports specified in its package.json.[0m [1m[35m[plugin vite:dep-scan][0m

    node_modules/esbuild/lib/main.js:1225:21:
[37m      1225 │         let result = [32m[37mawait callback({
           ╵                      [32m^[0m

    at packageEntryFailure (file:///home/workspace/node_modules/vite/dist/node/chunks/dep-D_zLpgQd.js:46638:15)
    at resolvePackageEntry (file:///home/workspace/node_modules/vite/dist/node/chunks/dep-D_zLpgQd.js:46635:3)
    at tryNodeResolve (file:///home/workspace/node_modules/vite/dist/node/chunks/dep-D_zLpgQd.js:46451:16)
    at ResolveIdContext.resolveId (file:///home/workspace/node_modules/vite/dist/node/chunks/dep-D_zLpgQd.js:46201:19)
    at PluginContainer.resolveId (file:///home/workspace/node_modules/vite/dist/node/chunks/dep-D_zLpgQd.js:49018:17)
    at process.processTicksAndRejections (node:internal/process/task_queues:105:5)
    at async resolve (file:///home/workspace/node_modules/vite/dist/node/chunks/dep-D_zLpgQd.js:49630:22)
    at async file:///home/workspace/node_modules/vite/dist/node/chunks/dep-D_zLpgQd.js:49801:28
    at async requestCallbacks.on-resolve (/home/workspace/node_modules/esbuild/lib/main.js:1225:22)
    at async handleRequest (/home/workspace/node_modules/esbuild/lib/main.js:647:11)

  This error came from the "onResolve" callback registered here:

    node_modules/esbuild/lib/main.js:1150:20:
[37m      1150 │       let promise = [32m[37msetup({
           ╵                     [32m^[0m

    at setup (file:///home/workspace/node_modules/vite/dist/node/chunks/dep-D_zLpgQd.js:49789:13)
    at handlePlugins (/home/workspace/node_modules/esbuild/lib/main.js:1150:21)
    at buildOrContextImpl (/home/workspace/node_modules/esbuild/lib/main.js:873:5)
    at Object.buildOrContext (/home/workspace/node_modules/esbuild/lib/main.js:699:5)
    at /home/workspace/node_modules/esbuild/lib/main.js:2032:68
    at new Promise (<anonymous>)
    at Object.context (/home/workspace/node_modules/esbuild/lib/main.js:2032:27)
    at Object.context (/home/workspace/node_modules/esbuild/lib/main.js:1874:58)
    at prepareEsbuildScanner (file:///home/workspace/node_modules/vite/dist/node/chunks/dep-D_zLpgQd.js:49576:24)

  The plugin "vite:dep-scan" was triggered by this import

    src/components/Downloads.jsx:1:35:
[37m      1 │ import { Download, Gamepad2 } from [32m"lucide-react"[37m;
        ╵                                    [32m~~~~~~~~~~~~~~[0m


[31m✘ [41;31m[[41;97mERROR[41;31m][0m [1mFailed to resolve entry for package "lucide-react". The package may have incorrect main/module/exports specified in its package.json.[0m [1m[35m[plugin vite:dep-scan][0m

    node_modules/esbuild/lib/main.js:1225:21:
[37m      1225 │         let result = [32m[37mawait callback({
           ╵                      [32m^[0m

    at packageEntryFailure (file:///home/workspace/node_modules/vite/dist/node/chunks/dep-D_zLpgQd.js:46638:15)
    at resolvePackageEntry (file:///home/workspace/node_modules/vite/dist/node/chunks/dep-D_zLpgQd.js:46635:3)
    at tryNodeResolve (file:///home/workspace/node_modules/vite/dist/node/chunks/dep-D_zLpgQd.js:46451:16)
    at ResolveIdContext.resolveId (file:///home/workspace/node_modules/vite/dist/node/chunks/dep-D_zLpgQd.js:46201:19)
    at PluginContainer.resolveId (file:///home/workspace/node_modules/vite/dist/node/chunks/dep-D_zLpgQd.js:49018:17)
    at process.processTicksAndRejections (node:internal/process/task_queues:105:5)
    at async resolve (file:///home/workspace/node_modules/vite/dist/node/chunks/dep-D_zLpgQd.js:49630:22)
    at async file:///home/workspace/node_modules/vite/dist/node/chunks/dep-D_zLpgQd.js:49801:28
    at async requestCallbacks.on-resolve (/home/workspace/node_modules/esbuild/lib/main.js:1225:22)
    at async handleRequest (/home/workspace/node_modules/esbuild/lib/main.js:647:11)

  This error came from the "onResolve" callback registered here:

    node_modules/esbuild/lib/main.js:1150:20:
[37m      1150 │       let promise = [32m[37msetup({
           ╵                     [32m^[0m

    at setup (file:///home/workspace/node_modules/vite/dist/node/chunks/dep-D_zLpgQd.js:49789:13)
    at handlePlugins (/home/workspace/node_modules/esbuild/lib/main.js:1150:21)
    at buildOrContextImpl (/home/workspace/node_modules/esbuild/lib/main.js:873:5)
    at Object.buildOrContext (/home/workspace/node_modules/esbuild/lib/main.js:699:5)
    at /home/workspace/node_modules/esbuild/lib/main.js:2032:68
    at new Promise (<anonymous>)
    at Object.context (/home/workspace/node_modules/esbuild/lib/main.js:2032:27)
    at Object.context (/home/workspace/node_modules/esbuild/lib/main.js:1874:58)
    at prepareEsbuildScanner (file:///home/workspace/node_modules/vite/dist/node/chunks/dep-D_zLpgQd.js:49576:24)

  The plugin "vite:dep-scan" was triggered by this import

    src/components/Navbar.jsx:1:29:
[37m      1 │ import { Rocket, Star } from [32m"lucide-react"[37m;
        ╵                              [32m~~~~~~~~~~~~~~[0m


[31m✘ [41;31m[[41;97mERROR[41;31m][0m [1mFailed to resolve entry for package "lucide-react". The package may have incorrect main/module/exports specified in its package.json.[0m [1m[35m[plugin vite:dep-scan][0m

    node_modules/esbuild/lib/main.js:1225:21:
[37m      1225 │         let result = [32m[37mawait callback({
           ╵                      [32m^[0m

    at packageEntryFailure (file:///home/workspace/node_modules/vite/dist/node/chunks/dep-D_zLpgQd.js:46638:15)
    at resolvePackageEntry (file:///home/workspace/node_modules/vite/dist/node/chunks/dep-D_zLpgQd.js:46635:3)
    at tryNodeResolve (file:///home/workspace/node_modules/vite/dist/node/chunks/dep-D_zLpgQd.js:46451:16)
    at ResolveIdContext.resolveId (file:///home/workspace/node_modules/vite/dist/node/chunks/dep-D_zLpgQd.js:46201:19)
    at PluginContainer.resolveId (file:///home/workspace/node_modules/vite/dist/node/chunks/dep-D_zLpgQd.js:49018:17)
    at process.processTicksAndRejections (node:internal/process/task_queues:105:5)
    at async resolve (file:///home/workspace/node_modules/vite/dist/node/chunks/dep-D_zLpgQd.js:49630:22)
    at async file:///home/workspace/node_modules/vite/dist/node/chunks/dep-D_zLpgQd.js:49801:28
    at async requestCallbacks.on-resolve (/home/workspace/node_modules/esbuild/lib/main.js:1225:22)
    at async handleRequest (/home/workspace/node_modules/esbuild/lib/main.js:647:11)

  This error came from the "onResolve" callback registered here:

    node_modules/esbuild/lib/main.js:1150:20:
[37m      1150 │       let promise = [32m[37msetup({
           ╵                     [32m^[0m

    at setup (file:///home/workspace/node_modules/vite/dist/node/chunks/dep-D_zLpgQd.js:49789:13)
    at handlePlugins (/home/workspace/node_modules/esbuild/lib/main.js:1150:21)
    at buildOrContextImpl (/home/workspace/node_modules/esbuild/lib/main.js:873:5)
    at Object.buildOrContext (/home/workspace/node_modules/esbuild/lib/main.js:699:5)
    at /home/workspace/node_modules/esbuild/lib/main.js:2032:68
    at new Promise (<anonymous>)
    at Object.context (/home/workspace/node_modules/esbuild/lib/main.js:2032:27)
    at Object.context (/home/workspace/node_modules/esbuild/lib/main.js:1874:58)
    at prepareEsbuildScanner (file:///home/workspace/node_modules/vite/dist/node/chunks/dep-D_zLpgQd.js:49576:24)

  The plugin "vite:dep-scan" was triggered by this import

    src/components/Skills.jsx:1:48:
[37m      1 │ import { Palette, Layers, Gamepad2, Code } from [32m"lucide-react"[37m;
        ╵                                                 [32m~~~~~~~~~~~~~~[0m


[31m✘ [41;31m[[41;97mERROR[41;31m][0m [1mFailed to resolve entry for package "lucide-react". The package may have incorrect main/module/exports specified in its package.json.[0m [1m[35m[plugin vite:dep-scan][0m

    node_modules/esbuild/lib/main.js:1225:21:
[37m      1225 │         let result = [32m[37mawait callback({
           ╵                      [32m^[0m

    at packageEntryFailure (file:///home/workspace/node_modules/vite/dist/node/chunks/dep-D_zLpgQd.js:46638:15)
    at resolvePackageEntry (file:///home/workspace/node_modules/vite/dist/node/chunks/dep-D_zLpgQd.js:46635:3)
    at tryNodeResolve (file:///home/workspace/node_modules/vite/dist/node/chunks/dep-D_zLpgQd.js:46451:16)
    at ResolveIdContext.resolveId (file:///home/workspace/node_modules/vite/dist/node/chunks/dep-D_zLpgQd.js:46201:19)
    at PluginContainer.resolveId (file:///home/workspace/node_modules/vite/dist/node/chunks/dep-D_zLpgQd.js:49018:17)
    at process.processTicksAndRejections (node:internal/process/task_queues:105:5)
    at async resolve (file:///home/workspace/node_modules/vite/dist/node/chunks/dep-D_zLpgQd.js:49630:22)
    at async file:///home/workspace/node_modules/vite/dist/node/chunks/dep-D_zLpgQd.js:49801:28
    at async requestCallbacks.on-resolve (/home/workspace/node_modules/esbuild/lib/main.js:1225:22)
    at async handleRequest (/home/workspace/node_modules/esbuild/lib/main.js:647:11)

  This error came from the "onResolve" callback registered here:

    node_modules/esbuild/lib/main.js:1150:20:
[37m      1150 │       let promise = [32m[37msetup({
           ╵                     [32m^[0m

    at setup (file:///home/workspace/node_modules/vite/dist/node/chunks/dep-D_zLpgQd.js:49789:13)
    at handlePlugins (/home/workspace/node_modules/esbuild/lib/main.js:1150:21)
    at buildOrContextImpl (/home/workspace/node_modules/esbuild/lib/main.js:873:5)
    at Object.buildOrContext (/home/workspace/node_modules/esbuild/lib/main.js:699:5)
    at /home/workspace/node_modules/esbuild/lib/main.js:2032:68
    at new Promise (<anonymous>)
    at Object.context (/home/workspace/node_modules/esbuild/lib/main.js:2032:27)
    at Object.context (/home/workspace/node_modules/esbuild/lib/main.js:1874:58)
    at prepareEsbuildScanner (file:///home/workspace/node_modules/vite/dist/node/chunks/dep-D_zLpgQd.js:49576:24)

  The plugin "vite:dep-scan" was triggered by this import

    src/components/Hero.jsx:2:27:
[37m      2 │ import { ArrowRight } from [32m"lucide-react"[37m;
        ╵                            [32m~~~~~~~~~~~~~~[0m


    at failureErrorWithLog (/home/workspace/node_modules/esbuild/lib/main.js:1472:15)
    at /home/workspace/node_modules/esbuild/lib/main.js:945:25
    at runOnEndCallbacks (/home/workspace/node_modules/esbuild/lib/main.js:1315:45)
    at buildResponseToResult (/home/workspace/node_modules/esbuild/lib/main.js:943:7)
    at /home/workspace/node_modules/esbuild/lib/main.js:955:9
    at new Promise (<anonymous>)
    at requestCallbacks.on-end (/home/workspace/node_modules/esbuild/lib/main.js:954:54)
    at handleRequest (/home/workspace/node_modules/esbuild/lib/main.js:647:17)
    at handleIncomingPacket (/home/workspace/node_modules/esbuild/lib/main.js:672:7)
    at Socket.readFromStdout (/home/workspace/node_modules/esbuild/lib/main.js:600:7)
7:03:04 PM [vite] Pre-transform error: Failed to resolve entry for package "lucide-react". The package may have incorrect main/module/exports specified in its package.json.
7:03:04 PM [vite] Pre-transform error: Failed to resolve entry for package "lucide-react". The package may have incorrect main/module/exports specified in its package.json.
7:03:04 PM [vite] Pre-transform error: Failed to resolve entry for package "lucide-react". The package may have incorrect main/module/exports specified in its package.json.
7:03:04 PM [vite] Pre-transform error: Failed to resolve entry for package "lucide-react". The package may have incorrect main/module/exports specified in its package.json.
